<?xml version="1.0" encoding="UTF-8"?>
<!-- Generated by org.testng.reporters.JUnitXMLReporter -->
<testsuite ignored="0" hostname="SL-SP-LAP-0586.local" failures="0" tests="2" name="Banking Application Test" time="27.685" errors="0" timestamp="17 Jan 2022 14:56:54 GMT">
  <testcase classname="com.InternetBanking.testCases.TC_LoginDDT_002" name="loginDDT" time="10.41"/>
  <testcase classname="com.InternetBanking.testCases.TC_LoginTest_001" name="LoginTest" time="7.462"/>
</testsuite> <!-- Banking Application Test -->
