<?xml version="1.0" encoding="UTF-8"?>
<testng-results ignored="0" total="2" passed="2" failed="0" skipped="0">
  <reporter-output>
  </reporter-output>
  <suite started-at="2022-01-17T14:56:27Z" name="Selenum4Project" finished-at="2022-01-17T14:56:54Z" duration-ms="27685">
    <groups>
    </groups>
    <test started-at="2022-01-17T14:56:27Z" name="Banking Application Test" finished-at="2022-01-17T14:56:54Z" duration-ms="27685">
      <class name="com.InternetBanking.testCases.TC_LoginTest_001">
        <test-method is-config="true" signature="setup()[pri:0, instance:com.InternetBanking.testCases.TC_LoginTest_001@74751b3]" started-at="2022-01-17T14:56:45Z" name="setup" finished-at="2022-01-17T14:56:47Z" duration-ms="1961" status="PASS">
          <reporter-output>
          </reporter-output>
        </test-method> <!-- setup -->
        <test-method signature="LoginTest()[pri:0, instance:com.InternetBanking.testCases.TC_LoginTest_001@74751b3]" started-at="2022-01-17T14:56:47Z" name="LoginTest" finished-at="2022-01-17T14:56:54Z" duration-ms="7462" status="PASS">
          <reporter-output>
          </reporter-output>
        </test-method> <!-- LoginTest -->
        <test-method is-config="true" signature="tearDown()[pri:0, instance:com.InternetBanking.testCases.TC_LoginTest_001@74751b3]" started-at="2022-01-17T14:56:54Z" name="tearDown" finished-at="2022-01-17T14:56:54Z" duration-ms="164" status="PASS">
          <reporter-output>
          </reporter-output>
        </test-method> <!-- tearDown -->
      </class> <!-- com.InternetBanking.testCases.TC_LoginTest_001 -->
      <class name="com.InternetBanking.testCases.TC_LoginDDT_002">
        <test-method is-config="true" signature="setup()[pri:0, instance:com.InternetBanking.testCases.TC_LoginDDT_002@58d75e99]" started-at="2022-01-17T14:56:27Z" name="setup" finished-at="2022-01-17T14:56:33Z" duration-ms="6424" status="PASS">
          <reporter-output>
          </reporter-output>
        </test-method> <!-- setup -->
        <test-method signature="loginDDT(java.lang.String, java.lang.String)[pri:0, instance:com.InternetBanking.testCases.TC_LoginDDT_002@58d75e99]" started-at="2022-01-17T14:56:34Z" name="loginDDT" data-provider="LoginData" finished-at="2022-01-17T14:56:45Z" duration-ms="10410" status="PASS">
          <params>
            <param index="0">
              <value>
                <![CDATA[darshan.m@servify.in]]>
              </value>
            </param>
            <param index="1">
              <value>
                <![CDATA[Servify@123]]>
              </value>
            </param>
          </params>
          <reporter-output>
          </reporter-output>
        </test-method> <!-- loginDDT -->
        <test-method is-config="true" signature="tearDown()[pri:0, instance:com.InternetBanking.testCases.TC_LoginDDT_002@58d75e99]" started-at="2022-01-17T14:56:45Z" name="tearDown" finished-at="2022-01-17T14:56:45Z" duration-ms="181" status="PASS">
          <reporter-output>
          </reporter-output>
        </test-method> <!-- tearDown -->
      </class> <!-- com.InternetBanking.testCases.TC_LoginDDT_002 -->
    </test> <!-- Banking Application Test -->
  </suite> <!-- Selenum4Project -->
</testng-results>
